<?xml version="1.0" encoding="utf-8" ?>
<!DOCTYPE html PUBLIC "-//W3C//DTD XHTML 1.0 Strict//EN"
        "http://www.w3.org/TR/xhtml1/DTD/xhtml1-strict.dtd">
<html xmlns="http://www.w3.org/1999/xhtml" xml:lang="" lang="">
<head>
  <title>Test Results Report - Car Price Test</title>
  <meta http-equiv="Content-Type" content="text/html;charset=utf-8" />
  <meta name="description" content="TestNG unit test results." />
  <link href="reportng.css" rel="stylesheet" type="text/css" />
    <script type="text/javascript" src="reportng.js"></script>
</head>
<body>
<h1>Car Price Test</h1>
<p>
  Test duration: 17.294s
</p>



  <table class="resultsTable">
    <tr><th colspan="3" class="header failed">Failed Tests</th></tr>
          <tr>
        <td colspan="3" class="group">testcases.CarPriceTest</td>
      </tr>
            
<tr>
  <td class="method">
                  findCarTest
      </td>
  <td class="duration">
    16.795s
  </td>
  <td class="result">
        
          <i>Method arguments: </i><span class="arguments">"Maruti", "chrome", "Y"</span><br />
    
            <div class="testOutput">
                        <a href=Fri_Mar_25_11_48_39_IST_2022.jpg target="_blank">Screenshot link</a>
                                <br>
                                <a href=Fri_Mar_25_11_48_39_IST_2022.jpg target="_blank"><img src=Fri_Mar_25_11_48_39_IST_2022.jpg height=200 width=200></a>
                  </div>
    

        <a href="javascript:toggleElement('exception-0', 'block')" title="Click to expand/collapse"><b>org.openqa.selenium.json.JsonException: java.lang.reflect.InvocationTargetException<br/>
Build info: version: &apos;3.141.59&apos;, revision: &apos;e82be7d358&apos;, time: &apos;2018-11-14T08:17:03&apos;<br/>
System info: host: &apos;TL198&apos;, ip: &apos;192.168.43.57&apos;, os.name: &apos;Windows 10&apos;, os.arch: &apos;amd64&apos;, os.version: &apos;10.0&apos;, java.version: &apos;16.0.1&apos;<br/>
Driver info: driver.version: RemoteWebDriver</b></a><br />
    <div class="stackTrace" id="exception-0">
              org.openqa.selenium.json.JsonOutput.convertUsingMethod(JsonOutput.java:332)<br />
              org.openqa.selenium.json.JsonOutput.lambda$new$16(JsonOutput.java:155)<br />
              org.openqa.selenium.json.JsonOutput.write(JsonOutput.java:264)<br />
              org.openqa.selenium.json.JsonOutput.lambda$null$21(JsonOutput.java:168)<br />
              java.base/java.util.LinkedHashMap$LinkedValues.forEach(LinkedHashMap.java:647)<br />
              org.openqa.selenium.json.JsonOutput.lambda$new$22(JsonOutput.java:168)<br />
              org.openqa.selenium.json.JsonOutput.write(JsonOutput.java:264)<br />
              org.openqa.selenium.json.JsonOutput.lambda$null$23(JsonOutput.java:177)<br />
              com.google.common.collect.SingletonImmutableBiMap.forEach(SingletonImmutableBiMap.java:65)<br />
              org.openqa.selenium.json.JsonOutput.lambda$new$24(JsonOutput.java:176)<br />
              org.openqa.selenium.json.JsonOutput.write(JsonOutput.java:264)<br />
              org.openqa.selenium.json.JsonOutput.write(JsonOutput.java:255)<br />
              org.openqa.selenium.json.Json.toJson(Json.java:42)<br />
              org.openqa.selenium.remote.http.AbstractHttpCommandCodec.encode(AbstractHttpCommandCodec.java:227)<br />
              org.openqa.selenium.remote.http.AbstractHttpCommandCodec.encode(AbstractHttpCommandCodec.java:117)<br />
              org.openqa.selenium.remote.HttpCommandExecutor.execute(HttpCommandExecutor.java:152)<br />
              org.openqa.selenium.remote.service.DriverCommandExecutor.execute(DriverCommandExecutor.java:83)<br />
              org.openqa.selenium.remote.RemoteWebDriver.execute(RemoteWebDriver.java:552)<br />
              org.openqa.selenium.remote.RemoteWebDriver.perform(RemoteWebDriver.java:618)<br />
              org.openqa.selenium.interactions.Actions$BuiltAction.perform(Actions.java:639)<br />
              org.openqa.selenium.interactions.Actions.perform(Actions.java:595)<br />
              pages.HomePage.findNewCar(HomePage.java:28)<br />
              testcases.CarPriceTest.findCarTest(CarPriceTest.java:53)<br />
              java.base/jdk.internal.reflect.NativeMethodAccessorImpl.invoke0(Native Method)<br />
              java.base/jdk.internal.reflect.NativeMethodAccessorImpl.invoke(NativeMethodAccessorImpl.java:78)<br />
              java.base/jdk.internal.reflect.DelegatingMethodAccessorImpl.invoke(DelegatingMethodAccessorImpl.java:43)<br />
              java.base/java.lang.reflect.Method.invoke(Method.java:567)<br />
              org.testng.internal.MethodInvocationHelper.invokeMethod(MethodInvocationHelper.java:124)<br />
              org.testng.internal.Invoker.invokeMethod(Invoker.java:583)<br />
              org.testng.internal.Invoker.invokeTestMethod(Invoker.java:719)<br />
              org.testng.internal.Invoker.invokeTestMethods(Invoker.java:989)<br />
              org.testng.internal.TestMethodWorker.invokeTestMethods(TestMethodWorker.java:125)<br />
              org.testng.internal.TestMethodWorker.run(TestMethodWorker.java:109)<br />
              org.testng.TestRunner.privateRun(TestRunner.java:648)<br />
              org.testng.TestRunner.run(TestRunner.java:505)<br />
              org.testng.SuiteRunner.runTest(SuiteRunner.java:455)<br />
              org.testng.SuiteRunner.runSequentially(SuiteRunner.java:450)<br />
              org.testng.SuiteRunner.privateRun(SuiteRunner.java:415)<br />
              org.testng.SuiteRunner.run(SuiteRunner.java:364)<br />
              org.testng.SuiteRunnerWorker.runSuite(SuiteRunnerWorker.java:52)<br />
              org.testng.SuiteRunnerWorker.run(SuiteRunnerWorker.java:84)<br />
              org.testng.TestNG.runSuitesSequentially(TestNG.java:1208)<br />
              org.testng.TestNG.runSuitesLocally(TestNG.java:1137)<br />
              org.testng.TestNG.runSuites(TestNG.java:1049)<br />
              org.testng.TestNG.run(TestNG.java:1017)<br />
              org.testng.remote.AbstractRemoteTestNG.run(AbstractRemoteTestNG.java:115)<br />
              org.testng.remote.RemoteTestNG.initAndRun(RemoteTestNG.java:251)<br />
              org.testng.remote.RemoteTestNG.main(RemoteTestNG.java:77)<br />
                    <b>Caused by: </b> <a href="javascript:toggleElement('exception-1', 'block')" title="Click to expand/collapse">java.lang.reflect.InvocationTargetException</a><br />
        <div class="stackTrace" id="exception-1">
                      java.base/jdk.internal.reflect.NativeMethodAccessorImpl.invoke0(Native Method)<br />
                      java.base/jdk.internal.reflect.NativeMethodAccessorImpl.invoke(NativeMethodAccessorImpl.java:78)<br />
                      java.base/jdk.internal.reflect.DelegatingMethodAccessorImpl.invoke(DelegatingMethodAccessorImpl.java:43)<br />
                      java.base/java.lang.reflect.Method.invoke(Method.java:567)<br />
                      org.openqa.selenium.json.JsonOutput.convertUsingMethod(JsonOutput.java:328)<br />
                      org.openqa.selenium.json.JsonOutput.lambda$new$16(JsonOutput.java:155)<br />
                      org.openqa.selenium.json.JsonOutput.write(JsonOutput.java:264)<br />
                      org.openqa.selenium.json.JsonOutput.lambda$null$21(JsonOutput.java:168)<br />
                      java.base/java.util.LinkedHashMap$LinkedValues.forEach(LinkedHashMap.java:647)<br />
                      org.openqa.selenium.json.JsonOutput.lambda$new$22(JsonOutput.java:168)<br />
                      org.openqa.selenium.json.JsonOutput.write(JsonOutput.java:264)<br />
                      org.openqa.selenium.json.JsonOutput.lambda$null$23(JsonOutput.java:177)<br />
                      com.google.common.collect.SingletonImmutableBiMap.forEach(SingletonImmutableBiMap.java:65)<br />
                      org.openqa.selenium.json.JsonOutput.lambda$new$24(JsonOutput.java:176)<br />
                      org.openqa.selenium.json.JsonOutput.write(JsonOutput.java:264)<br />
                      org.openqa.selenium.json.JsonOutput.write(JsonOutput.java:255)<br />
                      org.openqa.selenium.json.Json.toJson(Json.java:42)<br />
                      org.openqa.selenium.remote.http.AbstractHttpCommandCodec.encode(AbstractHttpCommandCodec.java:227)<br />
                      org.openqa.selenium.remote.http.AbstractHttpCommandCodec.encode(AbstractHttpCommandCodec.java:117)<br />
                      org.openqa.selenium.remote.HttpCommandExecutor.execute(HttpCommandExecutor.java:152)<br />
                      org.openqa.selenium.remote.service.DriverCommandExecutor.execute(DriverCommandExecutor.java:83)<br />
                      org.openqa.selenium.remote.RemoteWebDriver.execute(RemoteWebDriver.java:552)<br />
                      org.openqa.selenium.remote.RemoteWebDriver.perform(RemoteWebDriver.java:618)<br />
                      org.openqa.selenium.interactions.Actions$BuiltAction.perform(Actions.java:639)<br />
                      org.openqa.selenium.interactions.Actions.perform(Actions.java:595)<br />
                      pages.HomePage.findNewCar(HomePage.java:28)<br />
                      testcases.CarPriceTest.findCarTest(CarPriceTest.java:53)<br />
                      java.base/jdk.internal.reflect.NativeMethodAccessorImpl.invoke0(Native Method)<br />
                      java.base/jdk.internal.reflect.NativeMethodAccessorImpl.invoke(NativeMethodAccessorImpl.java:78)<br />
                      java.base/jdk.internal.reflect.DelegatingMethodAccessorImpl.invoke(DelegatingMethodAccessorImpl.java:43)<br />
                      java.base/java.lang.reflect.Method.invoke(Method.java:567)<br />
                      org.testng.internal.MethodInvocationHelper.invokeMethod(MethodInvocationHelper.java:124)<br />
                      org.testng.internal.Invoker.invokeMethod(Invoker.java:583)<br />
                      org.testng.internal.Invoker.invokeTestMethod(Invoker.java:719)<br />
                      org.testng.internal.Invoker.invokeTestMethods(Invoker.java:989)<br />
                      org.testng.internal.TestMethodWorker.invokeTestMethods(TestMethodWorker.java:125)<br />
                      org.testng.internal.TestMethodWorker.run(TestMethodWorker.java:109)<br />
                      org.testng.TestRunner.privateRun(TestRunner.java:648)<br />
                      org.testng.TestRunner.run(TestRunner.java:505)<br />
                      org.testng.SuiteRunner.runTest(SuiteRunner.java:455)<br />
                      org.testng.SuiteRunner.runSequentially(SuiteRunner.java:450)<br />
                      org.testng.SuiteRunner.privateRun(SuiteRunner.java:415)<br />
                      org.testng.SuiteRunner.run(SuiteRunner.java:364)<br />
                      org.testng.SuiteRunnerWorker.runSuite(SuiteRunnerWorker.java:52)<br />
                      org.testng.SuiteRunnerWorker.run(SuiteRunnerWorker.java:84)<br />
                      org.testng.TestNG.runSuitesSequentially(TestNG.java:1208)<br />
                      org.testng.TestNG.runSuitesLocally(TestNG.java:1137)<br />
                      org.testng.TestNG.runSuites(TestNG.java:1049)<br />
                      org.testng.TestNG.run(TestNG.java:1017)<br />
                      org.testng.remote.AbstractRemoteTestNG.run(AbstractRemoteTestNG.java:115)<br />
                      org.testng.remote.RemoteTestNG.initAndRun(RemoteTestNG.java:251)<br />
                      org.testng.remote.RemoteTestNG.main(RemoteTestNG.java:77)<br />
                  </div>
              <b>Caused by: </b> <a href="javascript:toggleElement('exception-2', 'block')" title="Click to expand/collapse">org.openqa.selenium.NoSuchElementException: no such element: Unable to locate element: {&quot;method&quot;:&quot;xpath&quot;,&quot;selector&quot;:&quot;//*[@id=&quot;cw-top-navbar&quot;]/li[1]/div[1]/span[1]&quot;}<br/>
&nbsp; (Session info: chrome=99.0.4844.82)<br/>
For documentation on this error, please visit: https://www.seleniumhq.org/exceptions/no_such_element.html<br/>
Build info: version: &apos;3.141.59&apos;, revision: &apos;e82be7d358&apos;, time: &apos;2018-11-14T08:17:03&apos;<br/>
System info: host: &apos;TL198&apos;, ip: &apos;192.168.43.57&apos;, os.name: &apos;Windows 10&apos;, os.arch: &apos;amd64&apos;, os.version: &apos;10.0&apos;, java.version: &apos;16.0.1&apos;<br/>
Driver info: org.openqa.selenium.chrome.ChromeDriver<br/>
Capabilities {acceptInsecureCerts: false, browserName: chrome, browserVersion: 99.0.4844.82, chrome: {chromedriverVersion: 99.0.4844.51 (d537ec02474b5..., userDataDir: C:\Users\chethan.km\AppData...}, goog:chromeOptions: {debuggerAddress: localhost:52428}, javascriptEnabled: true, networkConnectionEnabled: false, pageLoadStrategy: normal, platform: WINDOWS, platformName: WINDOWS, proxy: Proxy(), setWindowRect: true, strictFileInteractability: false, timeouts: {implicit: 0, pageLoad: 300000, script: 30000}, unhandledPromptBehavior: dismiss and notify, webauthn:extension:credBlob: true, webauthn:extension:largeBlob: true, webauthn:virtualAuthenticators: true}<br/>
Session ID: 208e333ebe27ce8e91b3f10a9c1dee7e<br/>
*** Element info: {Using=xpath, value=//*[@id=&quot;cw-top-navbar&quot;]/li[1]/div[1]/span[1]}</a><br />
        <div class="stackTrace" id="exception-2">
                      java.base/jdk.internal.reflect.NativeConstructorAccessorImpl.newInstance0(Native Method)<br />
                      java.base/jdk.internal.reflect.NativeConstructorAccessorImpl.newInstance(NativeConstructorAccessorImpl.java:78)<br />
                      java.base/jdk.internal.reflect.DelegatingConstructorAccessorImpl.newInstance(DelegatingConstructorAccessorImpl.java:45)<br />
                      java.base/java.lang.reflect.Constructor.newInstanceWithCaller(Constructor.java:499)<br />
                      java.base/java.lang.reflect.Constructor.newInstance(Constructor.java:480)<br />
                      org.openqa.selenium.remote.http.W3CHttpResponseCodec.createException(W3CHttpResponseCodec.java:187)<br />
                      org.openqa.selenium.remote.http.W3CHttpResponseCodec.decode(W3CHttpResponseCodec.java:122)<br />
                      org.openqa.selenium.remote.http.W3CHttpResponseCodec.decode(W3CHttpResponseCodec.java:49)<br />
                      org.openqa.selenium.remote.HttpCommandExecutor.execute(HttpCommandExecutor.java:158)<br />
                      org.openqa.selenium.remote.service.DriverCommandExecutor.execute(DriverCommandExecutor.java:83)<br />
                      org.openqa.selenium.remote.RemoteWebDriver.execute(RemoteWebDriver.java:552)<br />
                      org.openqa.selenium.remote.RemoteWebDriver.findElement(RemoteWebDriver.java:323)<br />
                      org.openqa.selenium.remote.RemoteWebDriver.findElementByXPath(RemoteWebDriver.java:428)<br />
                      org.openqa.selenium.By$ByXPath.findElement(By.java:353)<br />
                      org.openqa.selenium.remote.RemoteWebDriver.findElement(RemoteWebDriver.java:315)<br />
                      org.openqa.selenium.support.pagefactory.DefaultElementLocator.findElement(DefaultElementLocator.java:69)<br />
                      org.openqa.selenium.support.pagefactory.internal.LocatingElementHandler.invoke(LocatingElementHandler.java:38)<br />
                      jdk.proxy2/jdk.proxy2.$Proxy13.getWrappedElement(Unknown Source)<br />
                      org.openqa.selenium.interactions.PointerInput$Origin.asArg(PointerInput.java:204)<br />
                      org.openqa.selenium.interactions.PointerInput$Move.encode(PointerInput.java:155)<br />
                      org.openqa.selenium.interactions.Sequence.encode(Sequence.java:75)<br />
                      org.openqa.selenium.interactions.Sequence.toJson(Sequence.java:84)<br />
                      java.base/jdk.internal.reflect.NativeMethodAccessorImpl.invoke0(Native Method)<br />
                      java.base/jdk.internal.reflect.NativeMethodAccessorImpl.invoke(NativeMethodAccessorImpl.java:78)<br />
                      java.base/jdk.internal.reflect.DelegatingMethodAccessorImpl.invoke(DelegatingMethodAccessorImpl.java:43)<br />
                      java.base/java.lang.reflect.Method.invoke(Method.java:567)<br />
                      org.openqa.selenium.json.JsonOutput.convertUsingMethod(JsonOutput.java:328)<br />
                      org.openqa.selenium.json.JsonOutput.lambda$new$16(JsonOutput.java:155)<br />
                      org.openqa.selenium.json.JsonOutput.write(JsonOutput.java:264)<br />
                      org.openqa.selenium.json.JsonOutput.lambda$null$21(JsonOutput.java:168)<br />
                      java.base/java.util.LinkedHashMap$LinkedValues.forEach(LinkedHashMap.java:647)<br />
                      org.openqa.selenium.json.JsonOutput.lambda$new$22(JsonOutput.java:168)<br />
                      org.openqa.selenium.json.JsonOutput.write(JsonOutput.java:264)<br />
                      org.openqa.selenium.json.JsonOutput.lambda$null$23(JsonOutput.java:177)<br />
                      com.google.common.collect.SingletonImmutableBiMap.forEach(SingletonImmutableBiMap.java:65)<br />
                      org.openqa.selenium.json.JsonOutput.lambda$new$24(JsonOutput.java:176)<br />
                      org.openqa.selenium.json.JsonOutput.write(JsonOutput.java:264)<br />
                      org.openqa.selenium.json.JsonOutput.write(JsonOutput.java:255)<br />
                      org.openqa.selenium.json.Json.toJson(Json.java:42)<br />
                      org.openqa.selenium.remote.http.AbstractHttpCommandCodec.encode(AbstractHttpCommandCodec.java:227)<br />
                      org.openqa.selenium.remote.http.AbstractHttpCommandCodec.encode(AbstractHttpCommandCodec.java:117)<br />
                      org.openqa.selenium.remote.HttpCommandExecutor.execute(HttpCommandExecutor.java:152)<br />
                      org.openqa.selenium.remote.service.DriverCommandExecutor.execute(DriverCommandExecutor.java:83)<br />
                      org.openqa.selenium.remote.RemoteWebDriver.execute(RemoteWebDriver.java:552)<br />
                      org.openqa.selenium.remote.RemoteWebDriver.perform(RemoteWebDriver.java:618)<br />
                      org.openqa.selenium.interactions.Actions$BuiltAction.perform(Actions.java:639)<br />
                      org.openqa.selenium.interactions.Actions.perform(Actions.java:595)<br />
                      pages.HomePage.findNewCar(HomePage.java:28)<br />
                      testcases.CarPriceTest.findCarTest(CarPriceTest.java:53)<br />
                      java.base/jdk.internal.reflect.NativeMethodAccessorImpl.invoke0(Native Method)<br />
                      java.base/jdk.internal.reflect.NativeMethodAccessorImpl.invoke(NativeMethodAccessorImpl.java:78)<br />
                      java.base/jdk.internal.reflect.DelegatingMethodAccessorImpl.invoke(DelegatingMethodAccessorImpl.java:43)<br />
                      java.base/java.lang.reflect.Method.invoke(Method.java:567)<br />
                      org.testng.internal.MethodInvocationHelper.invokeMethod(MethodInvocationHelper.java:124)<br />
                      org.testng.internal.Invoker.invokeMethod(Invoker.java:583)<br />
                      org.testng.internal.Invoker.invokeTestMethod(Invoker.java:719)<br />
                      org.testng.internal.Invoker.invokeTestMethods(Invoker.java:989)<br />
                      org.testng.internal.TestMethodWorker.invokeTestMethods(TestMethodWorker.java:125)<br />
                      org.testng.internal.TestMethodWorker.run(TestMethodWorker.java:109)<br />
                      org.testng.TestRunner.privateRun(TestRunner.java:648)<br />
                      org.testng.TestRunner.run(TestRunner.java:505)<br />
                      org.testng.SuiteRunner.runTest(SuiteRunner.java:455)<br />
                      org.testng.SuiteRunner.runSequentially(SuiteRunner.java:450)<br />
                      org.testng.SuiteRunner.privateRun(SuiteRunner.java:415)<br />
                      org.testng.SuiteRunner.run(SuiteRunner.java:364)<br />
                      org.testng.SuiteRunnerWorker.runSuite(SuiteRunnerWorker.java:52)<br />
                      org.testng.SuiteRunnerWorker.run(SuiteRunnerWorker.java:84)<br />
                      org.testng.TestNG.runSuitesSequentially(TestNG.java:1208)<br />
                      org.testng.TestNG.runSuitesLocally(TestNG.java:1137)<br />
                      org.testng.TestNG.runSuites(TestNG.java:1049)<br />
                      org.testng.TestNG.run(TestNG.java:1017)<br />
                      org.testng.remote.AbstractRemoteTestNG.run(AbstractRemoteTestNG.java:115)<br />
                      org.testng.remote.RemoteTestNG.initAndRun(RemoteTestNG.java:251)<br />
                      org.testng.remote.RemoteTestNG.main(RemoteTestNG.java:77)<br />
                  </div>
          </div>
      </td>
</tr>
      </table>

  <table class="resultsTable" width="100%">
    <tr><th colspan="3" class="header skipped">Skipped Tests</th></tr>
          <tr>
        <td colspan="3" class="group">testcases.CarPriceTest</td>
      </tr>
            
<tr>
  <td class="method">
                  findCarTest
      </td>
  <td class="duration">
    0.001s
  </td>
  <td class="result">
                                 	<i>Reason: </i>
      	<span class="dependency">Skipping the test as the run mode is NO</span>
          
          <i>Method arguments: </i><span class="arguments">"Hyundai", "chrome", "N"</span><br />
    
        

      </td>
</tr>
<tr>
  <td class="method">
                  findCarTest
      </td>
  <td class="duration">
    0.001s
  </td>
  <td class="result">
                                 	<i>Reason: </i>
      	<span class="dependency">Skipping the test as the run mode is NO</span>
          
          <i>Method arguments: </i><span class="arguments">"Toyota", "chrome", "N"</span><br />
    
        

      </td>
</tr>
<tr>
  <td class="method">
                  findCarTest
      </td>
  <td class="duration">
    0.001s
  </td>
  <td class="result">
                                 	<i>Reason: </i>
      	<span class="dependency">Skipping the test as the run mode is NO</span>
          
          <i>Method arguments: </i><span class="arguments">"Kia", "chrome", "N"</span><br />
    
        

      </td>
</tr>
      </table>

  
</body>
</html>
